<?xml version="1.0" encoding="UTF-8"?>
<!-- Generated by org.testng.reporters.JUnitXMLReporter -->
<testsuite ignored="0" hostname="DESKTOP-BBNIE4R" failures="1" tests="4" name="Test" time="229.8" errors="0" timestamp="2024-11-15T17:09:15 IST">
  <testcase classname="testCases.TC0001_HomePageNavigation" name="verify_Navigation" time="32.195"/>
  <testcase classname="testCases.TC0002_EndToEndTest" name="verify_Carrier" time="36.293"/>
  <testcase classname="testCases.TC0003_SignInTest" name="verify_loginDDT" time="9.173"/>
  <testcase classname="testCases.TC0004_ImageCarousel" name="verify_ImageCarousel" time="36.556">
    <failure type="java.lang.AssertionError" message="Test failed: Expected condition failed: waiting for visibility of [[ChromeDriver: chrome on windows (5579013b57d3d41192b2208eea6e8033)] -&amp;gt; xpath: //img[contains(@class,&amp;apos;slide-image image-contain&amp;apos;)]] (tried for 10 second(s) with 500 milliseconds interval)
Build info: version: &amp;apos;4.20.0&amp;apos;, revision: &amp;apos;866c76ca80&amp;apos;
System info: os.name: &amp;apos;Windows 11&amp;apos;, os.arch: &amp;apos;amd64&amp;apos;, os.version: &amp;apos;10.0&amp;apos;, java.version: &amp;apos;17.0.12&amp;apos;
Driver info: org.openqa.selenium.chrome.ChromeDriver
Capabilities {acceptInsecureCerts: false, browserName: chrome, browserVersion: 130.0.6723.119, chrome: {chromedriverVersion: 130.0.6723.116 (6ac35f94ae3..., userDataDir: C:\Users\CHAITA~1\AppData\L...}, fedcm:accounts: true, goog:chromeOptions: {debuggerAddress: localhost:58203}, networkConnectionEnabled: false, pageLoadStrategy: normal, platformName: windows, proxy: Proxy(), se:cdp: ws://localhost:58203/devtoo..., se:cdpVersion: 130.0.6723.119, setWindowRect: true, strictFileInteractability: false, timeouts: {implicit: 0, pageLoad: 300000, script: 30000}, unhandledPromptBehavior: dismiss and notify, webauthn:extension:credBlob: true, webauthn:extension:largeBlob: true, webauthn:extension:minPinLength: true, webauthn:extension:prf: true, webauthn:virtualAuthenticators: true}
Session ID: 5579013b57d3d41192b2208eea6e8033">
      <![CDATA[java.lang.AssertionError: Test failed: Expected condition failed: waiting for visibility of [[ChromeDriver: chrome on windows (5579013b57d3d41192b2208eea6e8033)] -> xpath: //img[contains(@class,'slide-image image-contain')]] (tried for 10 second(s) with 500 milliseconds interval)
Build info: version: '4.20.0', revision: '866c76ca80'
System info: os.name: 'Windows 11', os.arch: 'amd64', os.version: '10.0', java.version: '17.0.12'
Driver info: org.openqa.selenium.chrome.ChromeDriver
Capabilities {acceptInsecureCerts: false, browserName: chrome, browserVersion: 130.0.6723.119, chrome: {chromedriverVersion: 130.0.6723.116 (6ac35f94ae3..., userDataDir: C:\Users\CHAITA~1\AppData\L...}, fedcm:accounts: true, goog:chromeOptions: {debuggerAddress: localhost:58203}, networkConnectionEnabled: false, pageLoadStrategy: normal, platformName: windows, proxy: Proxy(), se:cdp: ws://localhost:58203/devtoo..., se:cdpVersion: 130.0.6723.119, setWindowRect: true, strictFileInteractability: false, timeouts: {implicit: 0, pageLoad: 300000, script: 30000}, unhandledPromptBehavior: dismiss and notify, webauthn:extension:credBlob: true, webauthn:extension:largeBlob: true, webauthn:extension:minPinLength: true, webauthn:extension:prf: true, webauthn:virtualAuthenticators: true}
Session ID: 5579013b57d3d41192b2208eea6e8033
at testCases.TC0004_ImageCarousel.verify_ImageCarousel(TC0004_ImageCarousel.java:39)
at java.base/java.util.ArrayList.forEach(ArrayList.java:1511)
... Removed 28 stack frames]]>
    </failure>
  </testcase> <!-- verify_ImageCarousel -->
</testsuite> <!-- Test -->
